TN:
SF:/home/hsyn/SWPP/swpp17-team6/Plask-Frontend/src/polyfills.ts
FNF:0
FNH:0
DA:41,1
DA:42,1
DA:56,1
LF:3
LH:3
BRF:0
BRH:0
end_of_record
TN:
SF:/home/hsyn/SWPP/swpp17-team6/Plask-Frontend/src/test.ts
FN:20,(anonymous_0)
FNF:1
FNH:1
FNDA:1,(anonymous_0)
DA:3,1
DA:4,1
DA:5,1
DA:6,1
DA:7,1
DA:8,1
DA:9,1
DA:10,1
DA:20,1
DA:23,1
DA:28,1
DA:30,1
DA:32,1
LF:13
LH:13
BRF:0
BRH:0
end_of_record
TN:
SF:/home/hsyn/SWPP/swpp17-team6/Plask-Frontend/src/app/app-routing.module.ts
FN:33,(anonymous_1)
FN:33,AppRoutingModule
FNF:2
FNH:2
FNDA:1,(anonymous_1)
FNDA:2,AppRoutingModule
DA:2,1
DA:3,1
DA:6,1
DA:7,1
DA:8,1
DA:9,1
DA:12,1
DA:33,1
LF:8
LH:8
BRF:0
BRH:0
end_of_record
TN:
SF:/home/hsyn/SWPP/swpp17-team6/Plask-Frontend/src/app/app.component.ts
FN:8,(anonymous_1)
FN:8,AppComponent
FNF:2
FNH:2
FNDA:1,(anonymous_1)
FNDA:2,AppComponent
DA:1,1
DA:8,1
DA:9,1
LF:3
LH:3
BRF:0
BRH:0
end_of_record
TN:
SF:/home/hsyn/SWPP/swpp17-team6/Plask-Frontend/src/app/app.module.ts
FN:43,(anonymous_1)
FN:43,AppModule
FNF:2
FNH:2
FNDA:1,(anonymous_1)
FNDA:2,AppModule
DA:2,1
DA:3,1
DA:4,1
DA:5,1
DA:8,1
DA:9,1
DA:10,1
DA:11,1
DA:12,1
DA:15,1
DA:16,1
DA:18,1
DA:20,1
DA:43,1
LF:14
LH:14
BRF:0
BRH:0
end_of_record
TN:
SF:/home/hsyn/SWPP/swpp17-team6/Plask-Frontend/src/app/location.service.ts
FN:7,(anonymous_2)
FN:14,LocationService
FN:16,(anonymous_4)
FN:18,(anonymous_5)
FN:21,(anonymous_6)
FN:23,(anonymous_7)
FN:27,(anonymous_8)
FNF:7
FNH:1
FNDA:1,(anonymous_2)
FNDA:0,LocationService
FNDA:0,(anonymous_4)
FNDA:0,(anonymous_5)
FNDA:0,(anonymous_6)
FNDA:0,(anonymous_7)
FNDA:0,(anonymous_8)
DA:1,1
DA:2,1
DA:4,1
DA:7,1
DA:10,0
DA:11,0
DA:12,0
DA:14,0
DA:16,1
DA:17,0
DA:18,0
DA:21,1
DA:22,0
DA:23,0
DA:24,0
DA:27,1
DA:28,0
DA:29,0
DA:32,1
LF:19
LH:8
BRDA:29,0,0,0
BRDA:29,0,1,0
BRF:2
BRH:0
end_of_record
TN:
SF:/home/hsyn/SWPP/swpp17-team6/Plask-Frontend/src/app/main.component.ts
FN:15,(anonymous_2)
FN:17,MainComponent
FN:22,(anonymous_4)
FN:23,(anonymous_5)
FN:28,(anonymous_6)
FN:32,(anonymous_7)
FN:33,(anonymous_8)
FNF:7
FNH:1
FNDA:1,(anonymous_2)
FNDA:0,MainComponent
FNDA:0,(anonymous_4)
FNDA:0,(anonymous_5)
FNDA:0,(anonymous_6)
FNDA:0,(anonymous_7)
FNDA:0,(anonymous_8)
DA:2,1
DA:3,1
DA:7,1
DA:15,1
DA:18,0
DA:19,0
DA:22,1
DA:23,0
DA:24,0
DA:28,1
DA:29,0
DA:32,1
DA:33,0
DA:36,1
LF:14
LH:8
BRDA:24,0,0,0
BRDA:24,0,1,0
BRF:2
BRH:0
end_of_record
TN:
SF:/home/hsyn/SWPP/swpp17-team6/Plask-Frontend/src/app/settings.component.ts
FN:14,(anonymous_2)
FN:16,SettingsComponent
FN:21,(anonymous_4)
FN:22,(anonymous_5)
FNF:4
FNH:1
FNDA:1,(anonymous_2)
FNDA:0,SettingsComponent
FNDA:0,(anonymous_4)
FNDA:0,(anonymous_5)
DA:2,1
DA:3,1
DA:7,1
DA:14,1
DA:17,0
DA:18,0
DA:21,1
DA:22,0
DA:23,0
DA:28,1
LF:10
LH:6
BRDA:23,0,0,0
BRDA:23,0,1,0
BRF:2
BRH:0
end_of_record
TN:
SF:/home/hsyn/SWPP/swpp17-team6/Plask-Frontend/src/app/signin.component.ts
FN:14,(anonymous_2)
FN:16,SignInComponent
FN:25,(anonymous_4)
FN:26,(anonymous_5)
FN:31,(anonymous_6)
FN:40,(anonymous_7)
FN:46,(anonymous_8)
FN:50,(anonymous_9)
FNF:8
FNH:1
FNDA:1,(anonymous_2)
FNDA:0,SignInComponent
FNDA:0,(anonymous_4)
FNDA:0,(anonymous_5)
FNDA:0,(anonymous_6)
FNDA:0,(anonymous_7)
FNDA:0,(anonymous_8)
FNDA:0,(anonymous_9)
DA:2,1
DA:3,1
DA:5,1
DA:7,1
DA:14,1
DA:17,0
DA:18,0
DA:21,0
DA:22,0
DA:23,0
DA:25,1
DA:26,0
DA:27,0
DA:31,1
DA:40,0
DA:41,0
DA:42,0
DA:46,1
DA:47,0
DA:50,1
DA:51,0
DA:54,1
LF:22
LH:10
BRDA:27,0,0,0
BRDA:27,0,1,0
BRDA:41,1,0,0
BRDA:41,1,1,0
BRDA:17,2,0,1
BRDA:17,2,1,0
BRDA:17,3,0,1
BRDA:17,4,0,1
BRDA:17,4,1,1
BRDA:17,4,2,0
BRDA:17,5,0,1
BRDA:17,5,1,1
BRF:12
BRH:6
end_of_record
TN:
SF:/home/hsyn/SWPP/swpp17-team6/Plask-Frontend/src/app/signup.component.ts
FN:15,(anonymous_2)
FN:17,SignUpComponent
FN:41,(anonymous_4)
FN:47,(anonymous_5)
FN:50,(anonymous_6)
FN:61,(anonymous_7)
FN:73,(anonymous_8)
FN:82,(anonymous_9)
FN:105,(anonymous_10)
FN:111,(anonymous_11)
FN:113,(anonymous_12)
FN:120,(anonymous_13)
FN:128,(anonymous_14)
FN:131,(anonymous_15)
FN:138,(anonymous_16)
FN:144,(anonymous_17)
FN:148,(anonymous_18)
FN:154,(anonymous_19)
FN:162,(anonymous_20)
FN:171,(anonymous_21)
FN:177,(anonymous_22)
FN:187,(anonymous_23)
FN:193,(anonymous_24)
FN:209,(anonymous_25)
FN:213,(anonymous_26)
FNF:25
FNH:1
FNDA:1,(anonymous_2)
FNDA:0,SignUpComponent
FNDA:0,(anonymous_4)
FNDA:0,(anonymous_5)
FNDA:0,(anonymous_6)
FNDA:0,(anonymous_7)
FNDA:0,(anonymous_8)
FNDA:0,(anonymous_9)
FNDA:0,(anonymous_10)
FNDA:0,(anonymous_11)
FNDA:0,(anonymous_12)
FNDA:0,(anonymous_13)
FNDA:0,(anonymous_14)
FNDA:0,(anonymous_15)
FNDA:0,(anonymous_16)
FNDA:0,(anonymous_17)
FNDA:0,(anonymous_18)
FNDA:0,(anonymous_19)
FNDA:0,(anonymous_20)
FNDA:0,(anonymous_21)
FNDA:0,(anonymous_22)
FNDA:0,(anonymous_23)
FNDA:0,(anonymous_24)
FNDA:0,(anonymous_25)
FNDA:0,(anonymous_26)
DA:2,1
DA:3,1
DA:5,1
DA:7,1
DA:8,1
DA:15,1
DA:18,0
DA:19,0
DA:20,0
DA:23,0
DA:24,0
DA:31,0
DA:32,0
DA:33,0
DA:38,0
DA:41,1
DA:42,0
DA:43,0
DA:47,1
DA:48,0
DA:49,0
DA:51,0
DA:52,0
DA:56,0
DA:61,1
DA:62,0
DA:63,0
DA:66,0
DA:73,1
DA:74,0
DA:75,0
DA:76,0
DA:78,0
DA:82,1
DA:83,0
DA:84,0
DA:85,0
DA:87,0
DA:88,0
DA:89,0
DA:91,0
DA:92,0
DA:93,0
DA:96,0
DA:97,0
DA:98,0
DA:99,0
DA:100,0
DA:101,0
DA:102,0
DA:105,1
DA:106,0
DA:107,0
DA:108,0
DA:111,1
DA:113,0
DA:114,0
DA:115,0
DA:120,1
DA:121,0
DA:122,0
DA:123,0
DA:124,0
DA:125,0
DA:128,1
DA:130,0
DA:132,0
DA:133,0
DA:138,1
DA:139,0
DA:140,0
DA:141,0
DA:144,1
DA:146,0
DA:147,0
DA:149,0
DA:150,0
DA:154,1
DA:155,0
DA:162,1
DA:163,0
DA:164,0
DA:165,0
DA:167,0
DA:171,1
DA:173,0
DA:177,1
DA:178,0
DA:179,0
DA:180,0
DA:181,0
DA:183,0
DA:184,0
DA:187,1
DA:188,0
DA:189,0
DA:190,0
DA:193,1
DA:194,0
DA:195,0
DA:197,0
DA:198,0
DA:200,0
DA:201,0
DA:204,0
DA:205,0
DA:209,1
DA:210,0
DA:213,1
DA:214,0
DA:217,1
DA:241,1
LF:112
LH:27
BRDA:48,0,0,0
BRDA:48,0,1,0
BRDA:51,1,0,0
BRDA:51,1,1,0
BRDA:62,2,0,0
BRDA:62,2,1,0
BRDA:74,3,0,0
BRDA:74,3,1,0
BRDA:83,4,0,0
BRDA:83,4,1,0
BRDA:88,5,0,0
BRDA:88,5,1,0
BRDA:89,6,0,0
BRDA:89,6,1,0
BRDA:91,7,0,0
BRDA:91,7,1,0
BRDA:114,8,0,0
BRDA:114,8,1,0
BRDA:132,9,0,0
BRDA:132,9,1,0
BRDA:149,10,0,0
BRDA:149,10,1,0
BRDA:163,11,0,0
BRDA:163,11,1,0
BRDA:179,12,0,0
BRDA:179,12,1,0
BRDA:194,13,0,0
BRDA:194,13,1,0
BRDA:197,14,0,0
BRDA:197,14,1,0
BRDA:200,15,0,0
BRDA:200,15,1,0
BRF:32
BRH:0
end_of_record
TN:
SF:/home/hsyn/SWPP/swpp17-team6/Plask-Frontend/src/app/user.service.ts
FN:10,(anonymous_2)
FN:20,UserService
FN:22,(anonymous_4)
FN:26,(anonymous_5)
FN:30,(anonymous_6)
FN:34,(anonymous_7)
FN:38,(anonymous_8)
FN:39,(anonymous_9)
FN:43,(anonymous_10)
FN:44,(anonymous_11)
FN:48,(anonymous_12)
FN:50,(anonymous_13)
FN:54,(anonymous_14)
FNF:13
FNH:10
FNDA:1,(anonymous_2)
FNDA:8,UserService
FNDA:2,(anonymous_4)
FNDA:2,(anonymous_5)
FNDA:1,(anonymous_6)
FNDA:1,(anonymous_7)
FNDA:1,(anonymous_8)
FNDA:1,(anonymous_9)
FNDA:2,(anonymous_10)
FNDA:2,(anonymous_11)
FNDA:0,(anonymous_12)
FNDA:0,(anonymous_13)
FNDA:0,(anonymous_14)
DA:1,1
DA:2,1
DA:4,1
DA:10,1
DA:13,8
DA:14,8
DA:15,8
DA:16,8
DA:17,8
DA:18,8
DA:20,8
DA:22,1
DA:23,2
DA:26,2
DA:30,1
DA:31,1
DA:34,1
DA:38,1
DA:39,1
DA:40,1
DA:43,1
DA:44,2
DA:45,2
DA:48,1
DA:49,0
DA:50,0
DA:54,1
DA:55,0
DA:56,0
DA:59,1
LF:30
LH:26
BRDA:56,0,0,0
BRDA:56,0,1,0
BRF:2
BRH:0
end_of_record
TN:
SF:/home/hsyn/SWPP/swpp17-team6/Plask-Frontend/src/app/user.ts
FN:1,(anonymous_0)
FNF:1
FNH:1
FNDA:1,(anonymous_0)
DA:1,1
DA:7,0
DA:8,0
DA:9,0
DA:11,0
DA:12,1
LF:6
LH:2
BRF:0
BRH:0
end_of_record
