TN:
SF:/home/hsyn/SWPP/backend_sprint3/Plask-Frontend/src/polyfills.ts
FNF:0
FNH:0
DA:41,1
DA:42,1
DA:56,1
LF:3
LH:3
BRF:0
BRH:0
end_of_record
TN:
SF:/home/hsyn/SWPP/backend_sprint3/Plask-Frontend/src/test.ts
FN:20,(anonymous_0)
FNF:1
FNH:1
FNDA:1,(anonymous_0)
DA:3,1
DA:4,1
DA:5,1
DA:6,1
DA:7,1
DA:8,1
DA:9,1
DA:10,1
DA:20,1
DA:23,1
DA:28,1
DA:30,1
DA:32,1
LF:13
LH:13
BRF:0
BRH:0
end_of_record
TN:
SF:/home/hsyn/SWPP/backend_sprint3/Plask-Frontend/src/app/answer.service.ts
FN:10,(anonymous_2)
FN:20,AnswerService
FN:22,(anonymous_4)
FN:26,(anonymous_5)
FN:30,(anonymous_6)
FN:34,(anonymous_7)
FN:35,(anonymous_8)
FN:36,(anonymous_9)
FN:41,(anonymous_10)
FN:46,(anonymous_11)
FNF:10
FNH:1
FNDA:1,(anonymous_2)
FNDA:0,AnswerService
FNDA:0,(anonymous_4)
FNDA:0,(anonymous_5)
FNDA:0,(anonymous_6)
FNDA:0,(anonymous_7)
FNDA:0,(anonymous_8)
FNDA:0,(anonymous_9)
FNDA:0,(anonymous_10)
FNDA:0,(anonymous_11)
DA:1,1
DA:2,1
DA:4,1
DA:10,1
DA:14,0
DA:15,0
DA:17,0
DA:20,0
DA:22,1
DA:23,0
DA:24,0
DA:26,0
DA:30,1
DA:31,0
DA:32,0
DA:33,0
DA:34,0
DA:35,0
DA:36,0
DA:41,1
DA:42,0
DA:43,0
DA:46,1
DA:47,0
DA:48,0
DA:49,0
DA:50,0
DA:54,1
LF:28
LH:9
BRDA:49,0,0,0
BRDA:49,0,1,0
BRDA:20,1,0,1
BRDA:20,1,1,0
BRDA:20,2,0,1
BRF:5
BRH:2
end_of_record
TN:
SF:/home/hsyn/SWPP/backend_sprint3/Plask-Frontend/src/app/app-routing.module.ts
FN:40,(anonymous_1)
FN:40,AppRoutingModule
FNF:2
FNH:2
FNDA:1,(anonymous_1)
FNDA:19,AppRoutingModule
DA:2,1
DA:3,1
DA:6,1
DA:7,1
DA:8,1
DA:9,1
DA:10,1
DA:11,1
DA:12,1
DA:15,1
DA:40,1
LF:11
LH:11
BRF:0
BRH:0
end_of_record
TN:
SF:/home/hsyn/SWPP/backend_sprint3/Plask-Frontend/src/app/app.component.ts
FN:8,(anonymous_1)
FN:8,AppComponent
FNF:2
FNH:2
FNDA:1,(anonymous_1)
FNDA:1,AppComponent
DA:1,1
DA:8,1
DA:9,1
LF:3
LH:3
BRF:0
BRH:0
end_of_record
TN:
SF:/home/hsyn/SWPP/backend_sprint3/Plask-Frontend/src/app/app.module.ts
FN:60,(anonymous_1)
FN:60,AppModule
FN:62,cookieStrategy
FNF:3
FNH:3
FNDA:1,(anonymous_1)
FNDA:19,AppModule
FNDA:18,cookieStrategy
DA:2,1
DA:3,1
DA:4,1
DA:5,1
DA:6,1
DA:9,1
DA:10,1
DA:11,1
DA:12,1
DA:13,1
DA:14,1
DA:15,1
DA:16,1
DA:19,1
DA:20,1
DA:21,1
DA:22,1
DA:24,1
DA:26,1
DA:28,1
DA:60,1
DA:62,1
DA:63,18
LF:23
LH:23
BRF:0
BRH:0
end_of_record
TN:
SF:/home/hsyn/SWPP/backend_sprint3/Plask-Frontend/src/app/location.service.ts
FN:7,(anonymous_2)
FN:14,LocationService
FN:16,(anonymous_4)
FN:18,(anonymous_5)
FN:21,(anonymous_6)
FN:23,(anonymous_7)
FN:27,(anonymous_8)
FNF:7
FNH:7
FNDA:1,(anonymous_2)
FNDA:11,LocationService
FNDA:1,(anonymous_4)
FNDA:1,(anonymous_5)
FNDA:1,(anonymous_6)
FNDA:1,(anonymous_7)
FNDA:1,(anonymous_8)
DA:1,1
DA:2,1
DA:4,1
DA:7,1
DA:10,11
DA:11,11
DA:12,11
DA:14,11
DA:16,1
DA:17,1
DA:18,1
DA:21,1
DA:22,1
DA:23,1
DA:24,1
DA:27,1
DA:28,1
DA:29,1
DA:32,1
LF:19
LH:19
BRF:0
BRH:0
end_of_record
TN:
SF:/home/hsyn/SWPP/backend_sprint3/Plask-Frontend/src/app/main.component.ts
FN:17,(anonymous_2)
FN:19,MainComponent
FN:41,(anonymous_4)
FN:43,(anonymous_5)
FN:49,(anonymous_6)
FN:53,(anonymous_7)
FN:54,(anonymous_8)
FN:59,(anonymous_9)
FN:66,(anonymous_10)
FN:85,(anonymous_11)
FN:107,(anonymous_12)
FN:108,(anonymous_13)
FN:115,(anonymous_14)
FN:123,(anonymous_15)
FN:126,(anonymous_16)
FN:133,(anonymous_17)
FN:139,(anonymous_18)
FN:143,(anonymous_19)
FN:150,(anonymous_20)
FN:156,(anonymous_21)
FN:166,(anonymous_22)
FN:176,(anonymous_23)
FN:182,(anonymous_24)
FNF:23
FNH:5
FNDA:1,(anonymous_2)
FNDA:4,MainComponent
FNDA:1,(anonymous_4)
FNDA:0,(anonymous_5)
FNDA:1,(anonymous_6)
FNDA:1,(anonymous_7)
FNDA:0,(anonymous_8)
FNDA:0,(anonymous_9)
FNDA:0,(anonymous_10)
FNDA:0,(anonymous_11)
FNDA:0,(anonymous_12)
FNDA:0,(anonymous_13)
FNDA:0,(anonymous_14)
FNDA:0,(anonymous_15)
FNDA:0,(anonymous_16)
FNDA:0,(anonymous_17)
FNDA:0,(anonymous_18)
FNDA:0,(anonymous_19)
FNDA:0,(anonymous_20)
FNDA:0,(anonymous_21)
FNDA:0,(anonymous_22)
FNDA:0,(anonymous_23)
FNDA:0,(anonymous_24)
DA:2,1
DA:3,1
DA:8,1
DA:9,1
DA:10,1
DA:17,1
DA:20,4
DA:21,4
DA:22,4
DA:23,4
DA:26,4
DA:32,4
DA:33,4
DA:34,4
DA:39,4
DA:41,1
DA:43,1
DA:44,0
DA:45,0
DA:49,1
DA:50,1
DA:53,1
DA:54,1
DA:59,1
DA:60,0
DA:66,1
DA:67,0
DA:68,0
DA:72,0
DA:73,0
DA:74,0
DA:76,0
DA:77,0
DA:78,0
DA:81,0
DA:84,0
DA:86,0
DA:88,0
DA:91,0
DA:92,0
DA:93,0
DA:94,0
DA:95,0
DA:97,0
DA:98,0
DA:99,0
DA:100,0
DA:101,0
DA:107,1
DA:108,0
DA:109,0
DA:110,0
DA:115,1
DA:116,0
DA:117,0
DA:118,0
DA:119,0
DA:120,0
DA:123,1
DA:125,0
DA:127,0
DA:128,0
DA:133,1
DA:134,0
DA:135,0
DA:136,0
DA:139,1
DA:141,0
DA:142,0
DA:144,0
DA:145,0
DA:150,1
DA:152,0
DA:156,1
DA:157,0
DA:158,0
DA:159,0
DA:161,0
DA:166,1
DA:167,0
DA:168,0
DA:169,0
DA:170,0
DA:172,0
DA:173,0
DA:176,1
DA:177,0
DA:178,0
DA:179,0
DA:182,1
DA:183,0
DA:184,0
DA:186,0
DA:187,0
DA:190,0
DA:191,0
DA:196,1
DA:200,1
LF:98
LH:35
BRDA:44,0,0,0
BRDA:44,0,1,0
BRDA:67,1,0,0
BRDA:67,1,1,0
BRDA:72,2,0,0
BRDA:72,2,1,0
BRDA:77,3,0,0
BRDA:77,3,1,0
BRDA:78,4,0,0
BRDA:78,4,1,0
BRDA:86,5,0,0
BRDA:86,5,1,0
BRDA:109,6,0,0
BRDA:109,6,1,0
BRDA:127,7,0,0
BRDA:127,7,1,0
BRDA:144,8,0,0
BRDA:144,8,1,0
BRDA:157,9,0,0
BRDA:157,9,1,0
BRDA:168,10,0,0
BRDA:168,10,1,0
BRDA:183,11,0,0
BRDA:183,11,1,0
BRDA:186,12,0,0
BRDA:186,12,1,0
BRF:26
BRH:0
end_of_record
TN:
SF:/home/hsyn/SWPP/backend_sprint3/Plask-Frontend/src/app/maintab.component.ts
FN:19,(anonymous_2)
FN:21,MainTabComponent
FN:33,(anonymous_4)
FN:34,(anonymous_5)
FN:44,(anonymous_6)
FN:45,(anonymous_7)
FN:49,(anonymous_8)
FN:56,(anonymous_9)
FN:62,(anonymous_10)
FN:66,(anonymous_11)
FNF:10
FNH:1
FNDA:1,(anonymous_2)
FNDA:0,MainTabComponent
FNDA:0,(anonymous_4)
FNDA:0,(anonymous_5)
FNDA:0,(anonymous_6)
FNDA:0,(anonymous_7)
FNDA:0,(anonymous_8)
FNDA:0,(anonymous_9)
FNDA:0,(anonymous_10)
FNDA:0,(anonymous_11)
DA:2,1
DA:3,1
DA:5,1
DA:9,1
DA:10,1
DA:11,1
DA:12,1
DA:19,1
DA:22,0
DA:23,0
DA:24,0
DA:25,0
DA:26,0
DA:29,0
DA:31,0
DA:33,1
DA:34,0
DA:35,0
DA:44,1
DA:45,0
DA:46,0
DA:48,0
DA:49,0
DA:50,0
DA:52,0
DA:56,1
DA:57,0
DA:58,0
DA:60,0
DA:62,1
DA:63,0
DA:64,0
DA:66,0
DA:67,0
DA:69,0
DA:70,0
DA:71,0
DA:74,1
LF:38
LH:13
BRDA:57,0,0,0
BRDA:57,0,1,0
BRDA:63,1,0,0
BRDA:63,1,1,0
BRDA:67,2,0,0
BRDA:67,2,1,0
BRDA:22,3,0,1
BRDA:22,3,1,0
BRDA:22,4,0,1
BRDA:22,5,0,1
BRDA:22,5,1,1
BRDA:22,5,2,0
BRDA:22,6,0,1
BRDA:22,6,1,1
BRDA:23,7,0,1
BRDA:23,7,1,1
BRDA:23,7,2,0
BRDA:23,8,0,1
BRDA:23,8,1,1
BRDA:24,9,0,1
BRDA:24,9,1,1
BRDA:24,9,2,0
BRDA:24,10,0,1
BRDA:24,10,1,1
BRDA:25,11,0,1
BRDA:25,11,1,1
BRDA:25,11,2,0
BRDA:25,12,0,1
BRDA:25,12,1,1
BRF:29
BRH:18
end_of_record
TN:
SF:/home/hsyn/SWPP/backend_sprint3/Plask-Frontend/src/app/myanswers.component.ts
FN:19,(anonymous_2)
FN:21,MyAnswersComponent
FN:33,(anonymous_4)
FN:34,(anonymous_5)
FN:37,(anonymous_6)
FN:38,(anonymous_7)
FN:42,(anonymous_8)
FN:49,(anonymous_9)
FN:56,(anonymous_10)
FN:60,(anonymous_11)
FNF:10
FNH:1
FNDA:1,(anonymous_2)
FNDA:0,MyAnswersComponent
FNDA:0,(anonymous_4)
FNDA:0,(anonymous_5)
FNDA:0,(anonymous_6)
FNDA:0,(anonymous_7)
FNDA:0,(anonymous_8)
FNDA:0,(anonymous_9)
FNDA:0,(anonymous_10)
FNDA:0,(anonymous_11)
DA:2,1
DA:3,1
DA:5,1
DA:9,1
DA:10,1
DA:11,1
DA:12,1
DA:19,1
DA:22,0
DA:23,0
DA:24,0
DA:25,0
DA:26,0
DA:29,0
DA:31,0
DA:33,1
DA:34,0
DA:35,0
DA:37,1
DA:38,0
DA:39,0
DA:41,0
DA:42,0
DA:43,0
DA:45,0
DA:49,1
DA:50,0
DA:51,0
DA:53,0
DA:56,1
DA:57,0
DA:58,0
DA:60,0
DA:61,0
DA:64,0
DA:65,0
DA:66,0
DA:71,1
LF:38
LH:13
BRDA:50,0,0,0
BRDA:50,0,1,0
BRDA:57,1,0,0
BRDA:57,1,1,0
BRDA:61,2,0,0
BRDA:61,2,1,0
BRDA:22,3,0,1
BRDA:22,3,1,0
BRDA:22,4,0,1
BRDA:22,5,0,1
BRDA:22,5,1,1
BRDA:22,5,2,0
BRDA:22,6,0,1
BRDA:22,6,1,1
BRDA:23,7,0,1
BRDA:23,7,1,1
BRDA:23,7,2,0
BRDA:23,8,0,1
BRDA:23,8,1,1
BRDA:24,9,0,1
BRDA:24,9,1,1
BRDA:24,9,2,0
BRDA:24,10,0,1
BRDA:24,10,1,1
BRDA:25,11,0,1
BRDA:25,11,1,1
BRDA:25,11,2,0
BRDA:25,12,0,1
BRDA:25,12,1,1
BRF:29
BRH:18
end_of_record
TN:
SF:/home/hsyn/SWPP/backend_sprint3/Plask-Frontend/src/app/myquestions.component.ts
FN:19,(anonymous_2)
FN:21,MyQuestionsComponent
FN:33,(anonymous_4)
FN:34,(anonymous_5)
FN:37,(anonymous_6)
FN:38,(anonymous_7)
FN:42,(anonymous_8)
FN:49,(anonymous_9)
FN:56,(anonymous_10)
FN:60,(anonymous_11)
FNF:10
FNH:1
FNDA:1,(anonymous_2)
FNDA:0,MyQuestionsComponent
FNDA:0,(anonymous_4)
FNDA:0,(anonymous_5)
FNDA:0,(anonymous_6)
FNDA:0,(anonymous_7)
FNDA:0,(anonymous_8)
FNDA:0,(anonymous_9)
FNDA:0,(anonymous_10)
FNDA:0,(anonymous_11)
DA:2,1
DA:3,1
DA:5,1
DA:9,1
DA:10,1
DA:11,1
DA:12,1
DA:19,1
DA:22,0
DA:23,0
DA:24,0
DA:25,0
DA:26,0
DA:29,0
DA:31,0
DA:33,1
DA:34,0
DA:35,0
DA:37,1
DA:38,0
DA:39,0
DA:41,0
DA:42,0
DA:43,0
DA:45,0
DA:49,1
DA:50,0
DA:51,0
DA:53,0
DA:56,1
DA:57,0
DA:58,0
DA:60,0
DA:61,0
DA:64,0
DA:65,0
DA:66,0
DA:69,1
LF:38
LH:13
BRDA:50,0,0,0
BRDA:50,0,1,0
BRDA:57,1,0,0
BRDA:57,1,1,0
BRDA:61,2,0,0
BRDA:61,2,1,0
BRDA:22,3,0,1
BRDA:22,3,1,0
BRDA:22,4,0,1
BRDA:22,5,0,1
BRDA:22,5,1,1
BRDA:22,5,2,0
BRDA:22,6,0,1
BRDA:22,6,1,1
BRDA:23,7,0,1
BRDA:23,7,1,1
BRDA:23,7,2,0
BRDA:23,8,0,1
BRDA:23,8,1,1
BRDA:24,9,0,1
BRDA:24,9,1,1
BRDA:24,9,2,0
BRDA:24,10,0,1
BRDA:24,10,1,1
BRDA:25,11,0,1
BRDA:25,11,1,1
BRDA:25,11,2,0
BRDA:25,12,0,1
BRDA:25,12,1,1
BRF:29
BRH:18
end_of_record
TN:
SF:/home/hsyn/SWPP/backend_sprint3/Plask-Frontend/src/app/question.service.ts
FN:10,(anonymous_2)
FN:23,QuestionService
FN:26,(anonymous_4)
FN:29,(anonymous_5)
FN:34,(anonymous_6)
FN:37,(anonymous_7)
FN:38,(anonymous_8)
FN:39,(anonymous_9)
FN:44,(anonymous_10)
FN:47,(anonymous_11)
FN:52,(anonymous_12)
FN:55,(anonymous_13)
FN:59,(anonymous_14)
FN:62,(anonymous_15)
FN:67,(anonymous_16)
FN:72,(anonymous_17)
FNF:16
FNH:2
FNDA:1,(anonymous_2)
FNDA:4,QuestionService
FNDA:0,(anonymous_4)
FNDA:0,(anonymous_5)
FNDA:0,(anonymous_6)
FNDA:0,(anonymous_7)
FNDA:0,(anonymous_8)
FNDA:0,(anonymous_9)
FNDA:0,(anonymous_10)
FNDA:0,(anonymous_11)
FNDA:0,(anonymous_12)
FNDA:0,(anonymous_13)
FNDA:0,(anonymous_14)
FNDA:0,(anonymous_15)
FNDA:0,(anonymous_16)
FNDA:0,(anonymous_17)
DA:1,1
DA:2,1
DA:4,1
DA:10,1
DA:14,4
DA:15,4
DA:16,4
DA:17,4
DA:18,4
DA:20,4
DA:23,4
DA:26,1
DA:27,0
DA:29,0
DA:34,1
DA:35,0
DA:36,0
DA:37,0
DA:38,0
DA:39,0
DA:44,1
DA:45,0
DA:47,0
DA:52,1
DA:53,0
DA:55,0
DA:59,1
DA:60,0
DA:62,0
DA:67,1
DA:68,0
DA:69,0
DA:72,1
DA:73,0
DA:74,0
DA:75,0
DA:76,0
DA:80,1
LF:38
LH:19
BRDA:75,0,0,0
BRDA:75,0,1,0
BRDA:23,1,0,1
BRDA:23,1,1,0
BRDA:23,2,0,1
BRF:5
BRH:2
end_of_record
TN:
SF:/home/hsyn/SWPP/backend_sprint3/Plask-Frontend/src/app/settings.component.ts
FN:15,(anonymous_2)
FN:17,SettingsComponent
FN:44,(anonymous_4)
FN:45,(anonymous_5)
FN:59,(anonymous_6)
FN:62,(anonymous_7)
FN:93,(anonymous_8)
FN:102,(anonymous_9)
FN:125,(anonymous_10)
FN:131,(anonymous_11)
FN:133,(anonymous_12)
FN:140,(anonymous_13)
FN:148,(anonymous_14)
FN:151,(anonymous_15)
FN:158,(anonymous_16)
FN:164,(anonymous_17)
FN:168,(anonymous_18)
FN:174,(anonymous_19)
FN:182,(anonymous_20)
FN:191,(anonymous_21)
FN:197,(anonymous_22)
FN:207,(anonymous_23)
FN:213,(anonymous_24)
FN:229,(anonymous_25)
FNF:24
FNH:3
FNDA:1,(anonymous_2)
FNDA:2,SettingsComponent
FNDA:3,(anonymous_4)
FNDA:0,(anonymous_5)
FNDA:0,(anonymous_6)
FNDA:0,(anonymous_7)
FNDA:0,(anonymous_8)
FNDA:0,(anonymous_9)
FNDA:0,(anonymous_10)
FNDA:0,(anonymous_11)
FNDA:0,(anonymous_12)
FNDA:0,(anonymous_13)
FNDA:0,(anonymous_14)
FNDA:0,(anonymous_15)
FNDA:0,(anonymous_16)
FNDA:0,(anonymous_17)
FNDA:0,(anonymous_18)
FNDA:0,(anonymous_19)
FNDA:0,(anonymous_20)
FNDA:0,(anonymous_21)
FNDA:0,(anonymous_22)
FNDA:0,(anonymous_23)
FNDA:0,(anonymous_24)
FNDA:0,(anonymous_25)
DA:2,1
DA:3,1
DA:5,1
DA:7,1
DA:8,1
DA:15,1
DA:18,2
DA:19,2
DA:20,2
DA:23,2
DA:24,2
DA:25,2
DA:32,2
DA:33,2
DA:34,2
DA:39,2
DA:44,3
DA:45,3
DA:46,0
DA:47,0
DA:48,0
DA:49,0
DA:50,0
DA:59,1
DA:61,0
DA:62,0
DA:93,1
DA:94,0
DA:95,0
DA:96,0
DA:98,0
DA:102,1
DA:103,0
DA:104,0
DA:105,0
DA:107,0
DA:108,0
DA:109,0
DA:111,0
DA:112,0
DA:113,0
DA:116,0
DA:117,0
DA:118,0
DA:119,0
DA:120,0
DA:121,0
DA:122,0
DA:125,1
DA:126,0
DA:127,0
DA:128,0
DA:131,1
DA:133,0
DA:134,0
DA:135,0
DA:140,1
DA:141,0
DA:142,0
DA:143,0
DA:144,0
DA:145,0
DA:148,1
DA:150,0
DA:152,0
DA:153,0
DA:158,1
DA:159,0
DA:160,0
DA:161,0
DA:164,1
DA:166,0
DA:167,0
DA:169,0
DA:170,0
DA:174,1
DA:175,0
DA:182,1
DA:183,0
DA:184,0
DA:185,0
DA:187,0
DA:191,1
DA:193,0
DA:197,1
DA:198,0
DA:199,0
DA:200,0
DA:201,0
DA:203,0
DA:204,0
DA:207,1
DA:208,0
DA:209,0
DA:210,0
DA:213,1
DA:214,0
DA:215,0
DA:217,0
DA:218,0
DA:220,0
DA:221,0
DA:224,0
DA:225,0
DA:229,1
DA:230,0
DA:238,1
DA:241,1
LF:108
LH:36
BRDA:94,0,0,0
BRDA:94,0,1,0
BRDA:103,1,0,0
BRDA:103,1,1,0
BRDA:108,2,0,0
BRDA:108,2,1,0
BRDA:109,3,0,0
BRDA:109,3,1,0
BRDA:111,4,0,0
BRDA:111,4,1,0
BRDA:134,5,0,0
BRDA:134,5,1,0
BRDA:152,6,0,0
BRDA:152,6,1,0
BRDA:169,7,0,0
BRDA:169,7,1,0
BRDA:183,8,0,0
BRDA:183,8,1,0
BRDA:199,9,0,0
BRDA:199,9,1,0
BRDA:214,10,0,0
BRDA:214,10,1,0
BRDA:217,11,0,0
BRDA:217,11,1,0
BRDA:220,12,0,0
BRDA:220,12,1,0
BRF:26
BRH:0
end_of_record
TN:
SF:/home/hsyn/SWPP/backend_sprint3/Plask-Frontend/src/app/signin.component.ts
FN:14,(anonymous_2)
FN:16,SignInComponent
FN:27,(anonymous_4)
FN:28,(anonymous_5)
FN:33,(anonymous_6)
FN:42,(anonymous_7)
FN:50,(anonymous_8)
FN:54,(anonymous_9)
FNF:8
FNH:6
FNDA:1,(anonymous_2)
FNDA:6,SignInComponent
FNDA:7,(anonymous_4)
FNDA:0,(anonymous_5)
FNDA:1,(anonymous_6)
FNDA:0,(anonymous_7)
FNDA:1,(anonymous_8)
FNDA:1,(anonymous_9)
DA:2,1
DA:3,1
DA:5,1
DA:7,1
DA:14,1
DA:17,6
DA:18,6
DA:21,6
DA:22,6
DA:23,6
DA:25,6
DA:27,7
DA:28,7
DA:29,0
DA:33,1
DA:42,1
DA:43,0
DA:44,0
DA:45,0
DA:46,0
DA:50,1
DA:51,1
DA:54,1
DA:55,1
DA:58,1
LF:25
LH:20
BRDA:29,0,0,0
BRDA:29,0,1,0
BRDA:45,1,0,0
BRDA:45,1,1,0
BRF:4
BRH:0
end_of_record
TN:
SF:/home/hsyn/SWPP/backend_sprint3/Plask-Frontend/src/app/signup.component.ts
FN:15,(anonymous_2)
FN:17,SignUpComponent
FN:45,(anonymous_4)
FN:53,(anonymous_5)
FN:56,(anonymous_6)
FN:67,(anonymous_7)
FN:79,(anonymous_8)
FN:88,(anonymous_9)
FN:111,(anonymous_10)
FN:117,(anonymous_11)
FN:119,(anonymous_12)
FN:126,(anonymous_13)
FN:134,(anonymous_14)
FN:137,(anonymous_15)
FN:144,(anonymous_16)
FN:150,(anonymous_17)
FN:154,(anonymous_18)
FN:160,(anonymous_19)
FN:168,(anonymous_20)
FN:177,(anonymous_21)
FN:183,(anonymous_22)
FN:193,(anonymous_23)
FN:199,(anonymous_24)
FN:217,(anonymous_25)
FN:223,(anonymous_26)
FN:234,(anonymous_27)
FN:248,(anonymous_28)
FN:258,(anonymous_29)
FN:264,(anonymous_30)
FN:268,(anonymous_31)
FN:273,(anonymous_32)
FNF:31
FNH:22
FNDA:1,(anonymous_2)
FNDA:6,SignUpComponent
FNDA:8,(anonymous_4)
FNDA:1,(anonymous_5)
FNDA:0,(anonymous_6)
FNDA:1,(anonymous_7)
FNDA:1,(anonymous_8)
FNDA:1,(anonymous_9)
FNDA:1,(anonymous_10)
FNDA:7,(anonymous_11)
FNDA:6,(anonymous_12)
FNDA:1,(anonymous_13)
FNDA:1,(anonymous_14)
FNDA:0,(anonymous_15)
FNDA:1,(anonymous_16)
FNDA:2,(anonymous_17)
FNDA:0,(anonymous_18)
FNDA:1,(anonymous_19)
FNDA:1,(anonymous_20)
FNDA:7,(anonymous_21)
FNDA:1,(anonymous_22)
FNDA:1,(anonymous_23)
FNDA:1,(anonymous_24)
FNDA:0,(anonymous_25)
FNDA:0,(anonymous_26)
FNDA:0,(anonymous_27)
FNDA:0,(anonymous_28)
FNDA:0,(anonymous_29)
FNDA:1,(anonymous_30)
FNDA:1,(anonymous_31)
FNDA:0,(anonymous_32)
DA:2,1
DA:3,1
DA:5,1
DA:7,1
DA:8,1
DA:15,1
DA:18,6
DA:19,6
DA:20,6
DA:23,6
DA:24,6
DA:31,6
DA:32,6
DA:33,6
DA:38,6
DA:40,6
DA:45,1
DA:46,8
DA:47,6
DA:48,6
DA:49,6
DA:53,1
DA:54,1
DA:55,0
DA:57,0
DA:58,0
DA:62,0
DA:67,1
DA:68,1
DA:69,0
DA:72,0
DA:79,1
DA:80,1
DA:81,0
DA:82,0
DA:84,0
DA:88,1
DA:89,1
DA:90,0
DA:91,0
DA:93,0
DA:94,0
DA:95,0
DA:97,0
DA:98,0
DA:99,0
DA:102,0
DA:103,0
DA:104,0
DA:105,0
DA:106,0
DA:107,0
DA:108,0
DA:111,1
DA:112,1
DA:113,1
DA:114,0
DA:117,7
DA:119,7
DA:120,6
DA:121,6
DA:126,1
DA:127,1
DA:128,0
DA:129,0
DA:130,0
DA:131,0
DA:134,1
DA:136,1
DA:138,0
DA:139,0
DA:144,1
DA:145,1
DA:146,0
DA:147,0
DA:150,2
DA:152,2
DA:153,0
DA:155,0
DA:156,0
DA:160,1
DA:161,1
DA:168,1
DA:169,1
DA:170,0
DA:171,0
DA:173,0
DA:177,1
DA:179,7
DA:183,1
DA:184,1
DA:185,1
DA:186,0
DA:187,0
DA:189,0
DA:190,0
DA:193,1
DA:194,1
DA:195,1
DA:196,0
DA:199,1
DA:200,1
DA:201,0
DA:203,0
DA:204,0
DA:206,0
DA:207,0
DA:210,0
DA:211,0
DA:217,1
DA:218,0
DA:219,0
DA:220,0
DA:223,1
DA:224,0
DA:225,0
DA:226,0
DA:227,0
DA:230,0
DA:231,0
DA:234,1
DA:235,0
DA:236,0
DA:238,0
DA:239,0
DA:243,0
DA:244,0
DA:248,1
DA:249,0
DA:250,0
DA:251,0
DA:253,0
DA:258,1
DA:259,0
DA:260,0
DA:264,1
DA:265,1
DA:268,1
DA:269,1
DA:273,1
DA:274,0
DA:289,1
DA:313,1
LF:143
LH:70
BRDA:54,0,0,0
BRDA:54,0,1,0
BRDA:57,1,0,0
BRDA:57,1,1,0
BRDA:68,2,0,0
BRDA:68,2,1,0
BRDA:80,3,0,0
BRDA:80,3,1,0
BRDA:89,4,0,0
BRDA:89,4,1,0
BRDA:94,5,0,0
BRDA:94,5,1,0
BRDA:95,6,0,0
BRDA:95,6,1,0
BRDA:97,7,0,0
BRDA:97,7,1,0
BRDA:120,8,0,0
BRDA:120,8,1,6
BRDA:138,9,0,0
BRDA:138,9,1,0
BRDA:155,10,0,0
BRDA:155,10,1,0
BRDA:169,11,0,0
BRDA:169,11,1,0
BRDA:185,12,0,0
BRDA:185,12,1,0
BRDA:200,13,0,0
BRDA:200,13,1,0
BRDA:203,14,0,0
BRDA:203,14,1,0
BRDA:206,15,0,0
BRDA:206,15,1,0
BRDA:225,16,0,0
BRDA:225,16,1,0
BRDA:235,17,0,0
BRDA:235,17,1,0
BRDA:238,18,0,0
BRDA:238,18,1,0
BRDA:249,19,0,0
BRDA:249,19,1,0
BRF:40
BRH:1
end_of_record
TN:
SF:/home/hsyn/SWPP/backend_sprint3/Plask-Frontend/src/app/user.service.ts
FN:10,(anonymous_2)
FN:21,UserService
FN:23,(anonymous_4)
FN:26,(anonymous_5)
FN:27,(anonymous_6)
FN:28,(anonymous_7)
FN:32,(anonymous_8)
FN:35,(anonymous_9)
FN:36,(anonymous_10)
FN:38,(anonymous_11)
FN:42,(anonymous_12)
FN:43,(anonymous_13)
FN:48,(anonymous_14)
FN:49,(anonymous_15)
FN:54,(anonymous_16)
FN:57,(anonymous_17)
FN:58,(anonymous_18)
FN:59,(anonymous_19)
FN:63,(anonymous_20)
FN:68,(anonymous_21)
FNF:20
FNH:20
FNDA:1,(anonymous_2)
FNDA:26,UserService
FNDA:1,(anonymous_4)
FNDA:1,(anonymous_5)
FNDA:1,(anonymous_6)
FNDA:1,(anonymous_7)
FNDA:1,(anonymous_8)
FNDA:1,(anonymous_9)
FNDA:1,(anonymous_10)
FNDA:1,(anonymous_11)
FNDA:1,(anonymous_12)
FNDA:1,(anonymous_13)
FNDA:10,(anonymous_14)
FNDA:1,(anonymous_15)
FNDA:1,(anonymous_16)
FNDA:1,(anonymous_17)
FNDA:1,(anonymous_18)
FNDA:1,(anonymous_19)
FNDA:1,(anonymous_20)
FNDA:3,(anonymous_21)
DA:1,1
DA:2,1
DA:4,1
DA:10,1
DA:13,26
DA:14,26
DA:15,26
DA:16,26
DA:17,26
DA:19,26
DA:21,26
DA:23,1
DA:24,1
DA:25,1
DA:26,1
DA:27,1
DA:28,1
DA:32,1
DA:33,1
DA:34,1
DA:35,1
DA:36,1
DA:38,1
DA:42,1
DA:43,1
DA:44,1
DA:48,1
DA:49,10
DA:50,1
DA:54,1
DA:55,1
DA:56,1
DA:57,1
DA:58,1
DA:59,1
DA:63,1
DA:64,1
DA:65,1
DA:68,1
DA:69,3
DA:70,3
DA:71,3
DA:72,0
DA:76,1
LF:44
LH:43
BRDA:71,0,0,0
BRDA:71,0,1,3
BRF:2
BRH:1
end_of_record
TN:
SF:/home/hsyn/SWPP/backend_sprint3/Plask-Frontend/src/app/user.ts
FN:1,(anonymous_0)
FNF:1
FNH:1
FNDA:16,(anonymous_0)
DA:1,1
DA:7,15
DA:8,15
DA:9,15
DA:11,15
DA:12,1
LF:6
LH:6
BRF:0
BRH:0
end_of_record
